Using pre-set license
Built from '2020.3/staging' branch; Version is '2020.3.24f1 (79c78de19888) revision 7980941'; Using compiler version '192528614'; Build Type 'Release'
OS: 'Windows 10  (10.0.19042) 64bit CoreSingleLanguage' Language: 'en' Physical Memory: 16233 MB
BatchMode: 1, IsHumanControllingUs: 0, StartBugReporterOnCrash: 0, Is64bit: 1, IsPro: 0

COMMAND LINE ARGUMENTS:
C:\Program Files\Unity\Hub\Editor\2020.3.24f1\Editor\Unity.exe
-adb2
-batchMode
-noUpm
-name
AssetImportWorker0
-projectPath
D:/Game/Lab2_335
-logFile
Logs/AssetImportWorker0.log
-srvPort
56562
Successfully changed project path to: D:/Game/Lab2_335
D:/Game/Lab2_335
Using Asset Import Pipeline V2.
Refreshing native plugins compatible for Editor in 52.95 ms, found 2 plugins.
Preloading 0 native plugins for Editor in 0.00 ms.
Initialize engine version: 2020.3.24f1 (79c78de19888)
[Subsystems] Discovering subsystems at path C:/Program Files/Unity/Hub/Editor/2020.3.24f1/Editor/Data/Resources/UnitySubsystems
[Subsystems] Discovering subsystems at path D:/Game/Lab2_335/Assets
GfxDevice: creating device client; threaded=0
Direct3D:
    Version:  Direct3D 11.0 [level 11.1]
    Renderer: NVIDIA GeForce RTX 2060 (ID=0x1f11)
    Vendor:   
    VRAM:     5980 MB
    Driver:   30.0.14.9709
Initialize mono
Mono path[0] = 'C:/Program Files/Unity/Hub/Editor/2020.3.24f1/Editor/Data/Managed'
Mono path[1] = 'C:/Program Files/Unity/Hub/Editor/2020.3.24f1/Editor/Data/MonoBleedingEdge/lib/mono/unityjit'
Mono config path = 'C:/Program Files/Unity/Hub/Editor/2020.3.24f1/Editor/Data/MonoBleedingEdge/etc'
Using monoOptions --debugger-agent=transport=dt_socket,embedding=1,server=y,suspend=n,address=127.0.0.1:56228
Begin MonoManager ReloadAssembly
Registering precompiled unity dll's ...
Register platform support module: C:/Program Files/Unity/Hub/Editor/2020.3.24f1/Editor/Data/PlaybackEngines/WebGLSupport/UnityEditor.WebGL.Extensions.dll
Register platform support module: C:/Program Files/Unity/Hub/Editor/2020.3.24f1/Editor/Data/PlaybackEngines/WindowsStandaloneSupport/UnityEditor.WindowsStandalone.Extensions.dll
Registered in 0.002364 seconds.
Native extension for WindowsStandalone target not found
Native extension for WebGL target not found
Refreshing native plugins compatible for Editor in 58.64 ms, found 2 plugins.
Preloading 0 native plugins for Editor in 0.00 ms.
Mono: successfully reloaded assembly
- Completed reload, in  0.597 seconds
Domain Reload Profiling:
	ReloadAssembly (597ms)
		BeginReloadAssembly (58ms)
			ExecutionOrderSort (0ms)
			DisableScriptedObjects (0ms)
			BackupInstance (0ms)
			ReleaseScriptingObjects (0ms)
			CreateAndSetChildDomain (1ms)
		EndReloadAssembly (463ms)
			LoadAssemblies (56ms)
			RebuildTransferFunctionScriptingTraits (0ms)
			SetupTypeCache (154ms)
			ReleaseScriptCaches (0ms)
			RebuildScriptCaches (32ms)
			SetupLoadedEditorAssemblies (178ms)
				LogAssemblyErrors (0ms)
				InitializePlatformSupportModulesInManaged (5ms)
				SetLoadedEditorAssemblies (0ms)
				RefreshPlugins (59ms)
				BeforeProcessingInitializeOnLoad (8ms)
				ProcessInitializeOnLoadAttributes (79ms)
				ProcessInitializeOnLoadMethodAttributes (27ms)
				AfterProcessingInitializeOnLoad (0ms)
				EditorAssembliesLoaded (0ms)
			ExecutionOrderSort2 (0ms)
			AwakeInstancesAfterBackupRestoration (0ms)
Platform modules already initialized, skipping
Registering precompiled user dll's ...
Registered in 0.003295 seconds.
Begin MonoManager ReloadAssembly
Native extension for WindowsStandalone target not found
Native extension for WebGL target not found
Refreshing native plugins compatible for Editor in 54.93 ms, found 2 plugins.
Preloading 0 native plugins for Editor in 0.00 ms.
Mono: successfully reloaded assembly
- Completed reload, in  1.198 seconds
Domain Reload Profiling:
	ReloadAssembly (1199ms)
		BeginReloadAssembly (152ms)
			ExecutionOrderSort (0ms)
			DisableScriptedObjects (6ms)
			BackupInstance (0ms)
			ReleaseScriptingObjects (0ms)
			CreateAndSetChildDomain (20ms)
		EndReloadAssembly (981ms)
			LoadAssemblies (92ms)
			RebuildTransferFunctionScriptingTraits (0ms)
			SetupTypeCache (343ms)
			ReleaseScriptCaches (0ms)
			RebuildScriptCaches (56ms)
			SetupLoadedEditorAssemblies (363ms)
				LogAssemblyErrors (0ms)
				InitializePlatformSupportModulesInManaged (4ms)
				SetLoadedEditorAssemblies (0ms)
				RefreshPlugins (55ms)
				BeforeProcessingInitializeOnLoad (79ms)
				ProcessInitializeOnLoadAttributes (207ms)
				ProcessInitializeOnLoadMethodAttributes (9ms)
				AfterProcessingInitializeOnLoad (7ms)
				EditorAssembliesLoaded (0ms)
			ExecutionOrderSort2 (0ms)
			AwakeInstancesAfterBackupRestoration (10ms)
Platform modules already initialized, skipping
========================================================================
Worker process is ready to serve import requests
Launched and connected shader compiler UnityShaderCompiler.exe after 0.09 seconds
Refreshing native plugins compatible for Editor in 0.84 ms, found 2 plugins.
Preloading 0 native plugins for Editor in 0.00 ms.
Unloading 2896 Unused Serialized files (Serialized files now loaded: 0)
System memory in use before: 124.5 MB.
System memory in use after: 124.7 MB.

Unloading 20 unused Assets to reduce memory usage. Loaded Objects now: 3328.
Total: 3.709800 ms (FindLiveObjects: 0.266600 ms CreateObjectMapping: 0.133300 ms MarkObjects: 3.204200 ms  DeleteObjects: 0.104500 ms)

AssetImportParameters requested are different than current active one (requested -> active):
  custom:framework-win-MediaFoundation: 216162199b28c13a410421893ffa2e32 -> 
  custom:video-decoder-ogg-theora: a1e56fd34408186e4bbccfd4996cb3dc -> 
  custom:container-muxer-webm: aa71ff27fc2769a1b78a27578f13a17b -> 
  custom:container-demuxer-webm: 4f35f7cbe854078d1ac9338744f61a02 -> 
  custom:container-demuxer-ogg: 62fdf1f143b41e24485cea50d1cbac27 -> 
  custom:video-encoder-webm-vp8: eb34c28f22e8b96e1ab97ce403110664 -> 
  custom:video-codec-MediaFoundation-h265: 746d11721c4dcdbdad8f713fa42b33f4 -> 
  custom:video-decoder-webm-vp8: 9c59270c3fd7afecdb556c50c9e8de78 -> 
  custom:audio-decoder-ogg-vorbis: bf7c407c2cedff20999df2af8eb42d56 -> 
  custom:audio-encoder-webm-vorbis: bf7c407c2cedff20999df2af8eb42d56 -> 
========================================================================
Received Import Request.
  path: Assets
  artifactKey: Guid(00000000000000001000000000000000) Importer(815301076,1909f56bfc062723c751e8b465ee728b)
Start importing Assets using Guid(00000000000000001000000000000000) Importer(815301076,1909f56bfc062723c751e8b465ee728b)  -> (artifact id: '42d402b061de3733987d63b9cc3b64de') in 0.013613 seconds 
  Import took 0.019797 seconds .

========================================================================
Received Import Request.
  Time since last request: 24.413153 seconds.
  path: Assets/UniversalRenderPipelineAsset.asset
  artifactKey: Guid(9d3c01a7e4684c149b94da21cc68b84a) Importer(815301076,1909f56bfc062723c751e8b465ee728b)
Start importing Assets/UniversalRenderPipelineAsset.asset using Guid(9d3c01a7e4684c149b94da21cc68b84a) Importer(815301076,1909f56bfc062723c751e8b465ee728b)  -> (artifact id: '79d2560bad13aaba2a342848bbc6e755') in 0.091194 seconds 
  Import took 0.098697 seconds .

========================================================================
Received Import Request.
  Time since last request: 0.000344 seconds.
  path: Assets/UniversalRenderPipelineAsset_Renderer.asset
  artifactKey: Guid(bd168e524134b1649b60d6ae0a47f65c) Importer(815301076,1909f56bfc062723c751e8b465ee728b)
Start importing Assets/UniversalRenderPipelineAsset_Renderer.asset using Guid(bd168e524134b1649b60d6ae0a47f65c) Importer(815301076,1909f56bfc062723c751e8b465ee728b)  -> (artifact id: '82c6ecbedadd126b1342d6f840f53257') in 0.036634 seconds 
  Import took 0.042930 seconds .

========================================================================
Received Prepare
Switching render pipeline 00000000000000000000000000000000 -> 9d3c01a7e4684c149b94da21cc68b84a
Refreshing native plugins compatible for Editor in 2.87 ms, found 2 plugins.
Preloading 0 native plugins for Editor in 0.00 ms.
Unloading 61 Unused Serialized files (Serialized files now loaded: 0)
System memory in use before: 67.5 MB.
System memory in use after: 67.8 MB.

Unloading 13 unused Assets to reduce memory usage. Loaded Objects now: 3376.
Total: 4.158400 ms (FindLiveObjects: 0.318700 ms CreateObjectMapping: 0.137600 ms MarkObjects: 3.674100 ms  DeleteObjects: 0.026400 ms)

AssetImportParameters requested are different than current active one (requested -> active):
  custom:framework-win-MediaFoundation: 216162199b28c13a410421893ffa2e32 -> 
  custom:video-decoder-ogg-theora: a1e56fd34408186e4bbccfd4996cb3dc -> 
  custom:container-muxer-webm: aa71ff27fc2769a1b78a27578f13a17b -> 
  custom:container-demuxer-webm: 4f35f7cbe854078d1ac9338744f61a02 -> 
  custom:container-demuxer-ogg: 62fdf1f143b41e24485cea50d1cbac27 -> 
  custom:video-encoder-webm-vp8: eb34c28f22e8b96e1ab97ce403110664 -> 
  custom:video-codec-MediaFoundation-h265: 746d11721c4dcdbdad8f713fa42b33f4 -> 
  custom:video-decoder-webm-vp8: 9c59270c3fd7afecdb556c50c9e8de78 -> 
  custom:audio-decoder-ogg-vorbis: bf7c407c2cedff20999df2af8eb42d56 -> 
  custom:audio-encoder-webm-vorbis: bf7c407c2cedff20999df2af8eb42d56 -> 
========================================================================
Received Import Request.
  Time since last request: 144.002230 seconds.
  path: Assets/Stylized Environnement - Free Pack/PPP.asset
  artifactKey: Guid(07d475369b47b413fad896a658b53062) Importer(815301076,1909f56bfc062723c751e8b465ee728b)
Start importing Assets/Stylized Environnement - Free Pack/PPP.asset using Guid(07d475369b47b413fad896a658b53062) Importer(815301076,1909f56bfc062723c751e8b465ee728b)  -> (artifact id: 'dd9689f873e6d93fb6a04fa62a030a55') in 0.010981 seconds 
  Import took 0.017616 seconds .

========================================================================
Received Import Request.
  Time since last request: 0.000248 seconds.
  path: Assets/Stylized Environnement - Free Pack
  artifactKey: Guid(cc1468e0a10e30d4185977781e81d0a5) Importer(815301076,1909f56bfc062723c751e8b465ee728b)
Start importing Assets/Stylized Environnement - Free Pack using Guid(cc1468e0a10e30d4185977781e81d0a5) Importer(815301076,1909f56bfc062723c751e8b465ee728b)  -> (artifact id: '22bfad5eaf46c574b8bad1e9969d557d') in 0.006802 seconds 
  Import took 0.015241 seconds .

========================================================================
Received Import Request.
  Time since last request: 5.763833 seconds.
  path: Assets/Stylized Environnement - Free Pack/scene
  artifactKey: Guid(8d2312136ac26fb4d936db44f300737c) Importer(815301076,1909f56bfc062723c751e8b465ee728b)
Start importing Assets/Stylized Environnement - Free Pack/scene using Guid(8d2312136ac26fb4d936db44f300737c) Importer(815301076,1909f56bfc062723c751e8b465ee728b)  -> (artifact id: '61dbd502067d4d913dad1949135b7dbf') in 0.007815 seconds 
  Import took 0.016300 seconds .

========================================================================
Received Import Request.
  Time since last request: 2.525817 seconds.
  path: Assets/Stylized Environnement - Free Pack/scene/BasicScene.unity
  artifactKey: Guid(260eaf368e9267b4b97d4681122b0319) Importer(815301076,1909f56bfc062723c751e8b465ee728b)
Start importing Assets/Stylized Environnement - Free Pack/scene/BasicScene.unity using Guid(260eaf368e9267b4b97d4681122b0319) Importer(815301076,1909f56bfc062723c751e8b465ee728b)  -> (artifact id: '18dfa1a1c51601bd78737c76af3f3efd') in 0.007963 seconds 
  Import took 0.013059 seconds .

========================================================================
Received Import Request.
  Time since last request: 73.218345 seconds.
  path: Assets/myShader
  artifactKey: Guid(5e295dbac32c0d74eaadbce9f5c096d9) Importer(815301076,1909f56bfc062723c751e8b465ee728b)
Start importing Assets/myShader using Guid(5e295dbac32c0d74eaadbce9f5c096d9) Importer(815301076,1909f56bfc062723c751e8b465ee728b)  -> (artifact id: '74c7c39e4e37611c4ee7a60b017e43f0') in 0.011335 seconds 
  Import took 0.019169 seconds .

========================================================================
Received Import Request.
  Time since last request: 17.582160 seconds.
  path: Assets/myShader/depthWater
  artifactKey: Guid(eab1489eb1eed3b41b5d2d27a5afc489) Importer(815301076,1909f56bfc062723c751e8b465ee728b)
Start importing Assets/myShader/depthWater using Guid(eab1489eb1eed3b41b5d2d27a5afc489) Importer(815301076,1909f56bfc062723c751e8b465ee728b)  -> (artifact id: 'd947226e42e63d16dbca1b407944bff0') in 0.011715 seconds 
  Import took 0.018389 seconds .

========================================================================
Received Import Request.
  Time since last request: 23.457958 seconds.
  path: Assets/myShader/depthWater/New Shader Graph.shadergraph
  artifactKey: Guid(c7ad025144b991e4e9cf8647dbe2f1c6) Importer(815301076,1909f56bfc062723c751e8b465ee728b)
Start importing Assets/myShader/depthWater/New Shader Graph.shadergraph using Guid(c7ad025144b991e4e9cf8647dbe2f1c6) Importer(815301076,1909f56bfc062723c751e8b465ee728b)  -> (artifact id: '80648f7682c4e75d60432e81da911992') in 0.009053 seconds 
  Import took 0.014789 seconds .

========================================================================
Received Import Request.
  Time since last request: 9.509570 seconds.
  path: Assets/myShader/depthWater/depthWater.shadergraph
  artifactKey: Guid(c7ad025144b991e4e9cf8647dbe2f1c6) Importer(815301076,1909f56bfc062723c751e8b465ee728b)
Start importing Assets/myShader/depthWater/depthWater.shadergraph using Guid(c7ad025144b991e4e9cf8647dbe2f1c6) Importer(815301076,1909f56bfc062723c751e8b465ee728b)  -> (artifact id: '9b0ff567b17f52f5b5047d7f79c74c36') in 0.008377 seconds 
  Import took 0.016504 seconds .

========================================================================
Received Import Request.
  Time since last request: 370.116855 seconds.
  path: Assets/myShader/depthWater/depthWater.shadersubgraph
  artifactKey: Guid(0b1f11334bc2b8d4e97f117583ae07c8) Importer(815301076,1909f56bfc062723c751e8b465ee728b)
Start importing Assets/myShader/depthWater/depthWater.shadersubgraph using Guid(0b1f11334bc2b8d4e97f117583ae07c8) Importer(815301076,1909f56bfc062723c751e8b465ee728b)  -> (artifact id: '32a0041cfe7c6a8173630409702f8310') in 0.011248 seconds 
  Import took 0.021347 seconds .

========================================================================
Received Import Request.
  Time since last request: 18.748105 seconds.
  path: Assets/myShader/depthWater/New Material.mat
  artifactKey: Guid(617cdad413829ac4eba6141f74bfb8b0) Importer(815301076,1909f56bfc062723c751e8b465ee728b)
Start importing Assets/myShader/depthWater/New Material.mat using Guid(617cdad413829ac4eba6141f74bfb8b0) Importer(815301076,1909f56bfc062723c751e8b465ee728b)  -> (artifact id: '762f4f7d9acb5d20d6bb3fefaf802c63') in 0.286631 seconds 
  Import took 0.295912 seconds .

========================================================================
Received Import Request.
  Time since last request: 11.586533 seconds.
  path: Assets/myShader/depthWater/depthWater.mat
  artifactKey: Guid(617cdad413829ac4eba6141f74bfb8b0) Importer(815301076,1909f56bfc062723c751e8b465ee728b)
Start importing Assets/myShader/depthWater/depthWater.mat using Guid(617cdad413829ac4eba6141f74bfb8b0) Importer(815301076,1909f56bfc062723c751e8b465ee728b)  -> (artifact id: '4ef7c6b3ce762aebc46316de5a4abc91') in 0.020647 seconds 
  Import took 0.030592 seconds .

========================================================================
Received Import Request.
  Time since last request: 85.233037 seconds.
  path: Assets/myShader/water2color
  artifactKey: Guid(dc5e3fa9b712701488e95b60ed0ce8ff) Importer(815301076,1909f56bfc062723c751e8b465ee728b)
Start importing Assets/myShader/water2color using Guid(dc5e3fa9b712701488e95b60ed0ce8ff) Importer(815301076,1909f56bfc062723c751e8b465ee728b)  -> (artifact id: '3fbdcede4ba2a713064fcea73a5dd828') in 0.005928 seconds 
  Import took 0.011101 seconds .

========================================================================
Received Import Request.
  Time since last request: 35.509457 seconds.
  path: Assets/myShader/water2color/water2color.shadergraph
  artifactKey: Guid(4ce4321496b6d7243946be597dca8390) Importer(815301076,1909f56bfc062723c751e8b465ee728b)
Start importing Assets/myShader/water2color/water2color.shadergraph using Guid(4ce4321496b6d7243946be597dca8390) Importer(815301076,1909f56bfc062723c751e8b465ee728b)  -> (artifact id: '7e247e0c14c938a88a9f323d8afd0016') in 0.005729 seconds 
  Import took 0.012009 seconds .

========================================================================
Received Import Request.
  Time since last request: 237.436043 seconds.
  path: Assets/myShader/water2color/water2color.shadergraph
  artifactKey: Guid(4ce4321496b6d7243946be597dca8390) Importer(815301076,1909f56bfc062723c751e8b465ee728b)
Start importing Assets/myShader/water2color/water2color.shadergraph using Guid(4ce4321496b6d7243946be597dca8390) Importer(815301076,1909f56bfc062723c751e8b465ee728b)  -> (artifact id: '583bd6668eeab7ad320b34047ae8f9b7') in 0.003748 seconds 
  Import took 0.008722 seconds .

========================================================================
Received Import Request.
  Time since last request: 57.019363 seconds.
  path: Assets/myShader/water2color/water2color.shadersubgraph
  artifactKey: Guid(dbeec445fc6b30c40a70aad477e7575f) Importer(815301076,1909f56bfc062723c751e8b465ee728b)
Start importing Assets/myShader/water2color/water2color.shadersubgraph using Guid(dbeec445fc6b30c40a70aad477e7575f) Importer(815301076,1909f56bfc062723c751e8b465ee728b)  -> (artifact id: 'fe2ff2138756369d574c3618baa47f8f') in 0.004887 seconds 
  Import took 0.014111 seconds .

========================================================================
Received Import Request.
  Time since last request: 22.369201 seconds.
  path: Assets/myShader/water2color/water2color.mat
  artifactKey: Guid(628896c062035394ab352a2d9d4e2b88) Importer(815301076,1909f56bfc062723c751e8b465ee728b)
Start importing Assets/myShader/water2color/water2color.mat using Guid(628896c062035394ab352a2d9d4e2b88) Importer(815301076,1909f56bfc062723c751e8b465ee728b)  -> (artifact id: '188ab96f406033d41dcd8c03def93b81') in 0.018039 seconds 
  Import took 0.025808 seconds .

========================================================================
Received Import Request.
  Time since last request: 152.850188 seconds.
  path: Assets/myShader/depthWater/depthWater.mat
  artifactKey: Guid(617cdad413829ac4eba6141f74bfb8b0) Importer(815301076,1909f56bfc062723c751e8b465ee728b)
Start importing Assets/myShader/depthWater/depthWater.mat using Guid(617cdad413829ac4eba6141f74bfb8b0) Importer(815301076,1909f56bfc062723c751e8b465ee728b)  -> (artifact id: '0775af6b2e6ed4169ae9ae5a5b27a978') in 0.376849 seconds 
  Import took 0.382476 seconds .

========================================================================
Received Import Request.
  Time since last request: 15.356565 seconds.
  path: Assets/myShader/depthWater/depthWater.shadersubgraph
  artifactKey: Guid(0b1f11334bc2b8d4e97f117583ae07c8) Importer(815301076,1909f56bfc062723c751e8b465ee728b)
Start importing Assets/myShader/depthWater/depthWater.shadersubgraph using Guid(0b1f11334bc2b8d4e97f117583ae07c8) Importer(815301076,1909f56bfc062723c751e8b465ee728b)  -> (artifact id: 'e126ad731192198dc62728fc886413b7') in 0.003492 seconds 
  Import took 0.007637 seconds .

========================================================================
Received Import Request.
  Time since last request: 36.670684 seconds.
  path: Assets/myShader/movement
  artifactKey: Guid(6c0d061e3ae76144e9b19f50e9d6d993) Importer(815301076,1909f56bfc062723c751e8b465ee728b)
Start importing Assets/myShader/movement using Guid(6c0d061e3ae76144e9b19f50e9d6d993) Importer(815301076,1909f56bfc062723c751e8b465ee728b)  -> (artifact id: 'b0478e40f632439e0d394b01ff269cc5') in 0.009947 seconds 
  Import took 0.018990 seconds .

========================================================================
Received Import Request.
  Time since last request: 15.224054 seconds.
  path: Assets/myShader/movement/movement
  artifactKey: Guid(37dbbc5f67d4b1440980421ac40828d1) Importer(815301076,1909f56bfc062723c751e8b465ee728b)
Start importing Assets/myShader/movement/movement using Guid(37dbbc5f67d4b1440980421ac40828d1) Importer(815301076,1909f56bfc062723c751e8b465ee728b)  -> (artifact id: '1ef1358388fa7b7f0c6a73b87c694d4b') in 0.005126 seconds 
  Import took 0.014432 seconds .

========================================================================
Received Import Request.
  Time since last request: 8.633390 seconds.
  path: Assets/myShader/movement/watermovement
  artifactKey: Guid(e09e4d5d5e419f541963d9025ad77584) Importer(815301076,1909f56bfc062723c751e8b465ee728b)
Start importing Assets/myShader/movement/watermovement using Guid(e09e4d5d5e419f541963d9025ad77584) Importer(815301076,1909f56bfc062723c751e8b465ee728b)  -> (artifact id: '1951ac716355942c000ed5794fe34352') in 0.006810 seconds 
  Import took 0.013336 seconds .

========================================================================
Received Import Request.
  Time since last request: 77.739937 seconds.
  path: Assets/myShader/movement/movement/New Shader Graph.shadergraph
  artifactKey: Guid(3ae4747a1b6be684ea187543e8ab8b69) Importer(815301076,1909f56bfc062723c751e8b465ee728b)
Start importing Assets/myShader/movement/movement/New Shader Graph.shadergraph using Guid(3ae4747a1b6be684ea187543e8ab8b69) Importer(815301076,1909f56bfc062723c751e8b465ee728b)  -> (artifact id: 'b80cb8342231e7b6389b181faae5bf9d') in 0.005714 seconds 
  Import took 0.016318 seconds .

========================================================================
Received Import Request.
  Time since last request: 366.492932 seconds.
  path: Assets/myShader/movement/movement/movement.shadersubgraph
  artifactKey: Guid(55a8196c18a94cd408957ec58cef0b2e) Importer(815301076,1909f56bfc062723c751e8b465ee728b)
Start importing Assets/myShader/movement/movement/movement.shadersubgraph using Guid(55a8196c18a94cd408957ec58cef0b2e) Importer(815301076,1909f56bfc062723c751e8b465ee728b)  -> (artifact id: '1b84c15fa5d23a5f272623a0027e78e1') in 0.004443 seconds 
  Import took 0.018737 seconds .

========================================================================
Received Import Request.
  Time since last request: 8.625546 seconds.
  path: Assets/myShader/movement/movement/movement.shadergraph
  artifactKey: Guid(3ae4747a1b6be684ea187543e8ab8b69) Importer(815301076,1909f56bfc062723c751e8b465ee728b)
Start importing Assets/myShader/movement/movement/movement.shadergraph using Guid(3ae4747a1b6be684ea187543e8ab8b69) Importer(815301076,1909f56bfc062723c751e8b465ee728b)  -> (artifact id: 'fb81ebe6cdda3421b5622e4cac7370ab') in 0.003721 seconds 
  Import took 0.009502 seconds .

========================================================================
Received Import Request.
  Time since last request: 180.764313 seconds.
  path: Assets/myShader/movement/movement/movement.shadersubgraph
  artifactKey: Guid(55a8196c18a94cd408957ec58cef0b2e) Importer(815301076,1909f56bfc062723c751e8b465ee728b)
Start importing Assets/myShader/movement/movement/movement.shadersubgraph using Guid(55a8196c18a94cd408957ec58cef0b2e) Importer(815301076,1909f56bfc062723c751e8b465ee728b)  -> (artifact id: 'ec71eaa8b9564d4e03c48f817fac5199') in 0.004857 seconds 
  Import took 0.011373 seconds .

========================================================================
Received Import Request.
  Time since last request: 15.771036 seconds.
  path: Assets/myShader/movement/movement/New Material.mat
  artifactKey: Guid(cf496dbcd9500c647aab3f06fa05cc09) Importer(815301076,1909f56bfc062723c751e8b465ee728b)
Start importing Assets/myShader/movement/movement/New Material.mat using Guid(cf496dbcd9500c647aab3f06fa05cc09) Importer(815301076,1909f56bfc062723c751e8b465ee728b)  -> (artifact id: '8951d31995d57d00384b05918af33447') in 0.018342 seconds 
  Import took 0.026470 seconds .

========================================================================
Received Import Request.
  Time since last request: 9.648011 seconds.
  path: Assets/myShader/movement/movement/movement.mat
  artifactKey: Guid(cf496dbcd9500c647aab3f06fa05cc09) Importer(815301076,1909f56bfc062723c751e8b465ee728b)
Start importing Assets/myShader/movement/movement/movement.mat using Guid(cf496dbcd9500c647aab3f06fa05cc09) Importer(815301076,1909f56bfc062723c751e8b465ee728b)  -> (artifact id: '0bb6077f8d3650508a9f27e10f3eb4d6') in 0.010537 seconds 
  Import took 0.018655 seconds .

========================================================================
Received Import Request.
  Time since last request: 121.447615 seconds.
  path: Assets/myShader/movement/watermovement/watermovement.shadergraph
  artifactKey: Guid(5c6012b9c3683a147b089f11eff77a7b) Importer(815301076,1909f56bfc062723c751e8b465ee728b)
Start importing Assets/myShader/movement/watermovement/watermovement.shadergraph using Guid(5c6012b9c3683a147b089f11eff77a7b) Importer(815301076,1909f56bfc062723c751e8b465ee728b)  -> (artifact id: '261128b1d1032da652feda7806eaedd9') in 0.003996 seconds 
  Import took 0.009415 seconds .

========================================================================
Received Import Request.
  Time since last request: 292.800820 seconds.
  path: Assets/myShader/water2color/water2color.mat
  artifactKey: Guid(628896c062035394ab352a2d9d4e2b88) Importer(815301076,1909f56bfc062723c751e8b465ee728b)
Start importing Assets/myShader/water2color/water2color.mat using Guid(628896c062035394ab352a2d9d4e2b88) Importer(815301076,1909f56bfc062723c751e8b465ee728b)  -> (artifact id: 'c5a28802209a1efdd0556be3ef30bd1e') in 0.029031 seconds 
  Import took 0.036359 seconds .

========================================================================
Received Import Request.
  Time since last request: 0.000223 seconds.
  path: Assets/myShader/water2color/water2color.shadersubgraph
  artifactKey: Guid(dbeec445fc6b30c40a70aad477e7575f) Importer(815301076,1909f56bfc062723c751e8b465ee728b)
Start importing Assets/myShader/water2color/water2color.shadersubgraph using Guid(dbeec445fc6b30c40a70aad477e7575f) Importer(815301076,1909f56bfc062723c751e8b465ee728b)  -> (artifact id: 'eff6d7e9c0d27fe2237830df479c5064') in 0.006849 seconds 
  Import took 0.018365 seconds .

========================================================================
Received Import Request.
  Time since last request: 61.706845 seconds.
  path: Assets/myShader/movement/movement/movement.shadergraph
  artifactKey: Guid(3ae4747a1b6be684ea187543e8ab8b69) Importer(815301076,1909f56bfc062723c751e8b465ee728b)
Start importing Assets/myShader/movement/movement/movement.shadergraph using Guid(3ae4747a1b6be684ea187543e8ab8b69) Importer(815301076,1909f56bfc062723c751e8b465ee728b)  -> (artifact id: '5ab59a1f394c037c532cf78052ce4fe4') in 0.005303 seconds 
  Import took 0.013015 seconds .

========================================================================
Received Import Request.
  Time since last request: 113.615326 seconds.
  path: Assets/myShader/movement/movement/New Shader Graph.shadergraph
  artifactKey: Guid(67cd76f76cd1c8b4dac1e55c542b459e) Importer(815301076,1909f56bfc062723c751e8b465ee728b)
Start importing Assets/myShader/movement/movement/New Shader Graph.shadergraph using Guid(67cd76f76cd1c8b4dac1e55c542b459e) Importer(815301076,1909f56bfc062723c751e8b465ee728b)  -> (artifact id: 'fe016016f9a6239a157127b16e57e3c4') in 0.004546 seconds 
  Import took 0.010902 seconds .

========================================================================
Received Import Request.
  Time since last request: 8.350571 seconds.
  path: Assets/myShader/movement/movement/movement.shadergraph
  artifactKey: Guid(67cd76f76cd1c8b4dac1e55c542b459e) Importer(815301076,1909f56bfc062723c751e8b465ee728b)
Start importing Assets/myShader/movement/movement/movement.shadergraph using Guid(67cd76f76cd1c8b4dac1e55c542b459e) Importer(815301076,1909f56bfc062723c751e8b465ee728b)  -> (artifact id: 'ac9dc7708c01c93abf93f548f75c6514') in 0.006508 seconds 
  Import took 0.013184 seconds .

========================================================================
Received Import Request.
  Time since last request: 132.862102 seconds.
  path: Assets/myShader/movement/movement/movement.shadersubgraph
  artifactKey: Guid(55a8196c18a94cd408957ec58cef0b2e) Importer(815301076,1909f56bfc062723c751e8b465ee728b)
Start importing Assets/myShader/movement/movement/movement.shadersubgraph using Guid(55a8196c18a94cd408957ec58cef0b2e) Importer(815301076,1909f56bfc062723c751e8b465ee728b)  -> (artifact id: 'f7968bf880c22cb1be6b391c0d7e8378') in 0.005112 seconds 
  Import took 0.016686 seconds .

========================================================================
Received Import Request.
  Time since last request: 20.922243 seconds.
  path: Assets/myShader/movement/movement/movement.mat
  artifactKey: Guid(cf496dbcd9500c647aab3f06fa05cc09) Importer(815301076,1909f56bfc062723c751e8b465ee728b)
Start importing Assets/myShader/movement/movement/movement.mat using Guid(cf496dbcd9500c647aab3f06fa05cc09) Importer(815301076,1909f56bfc062723c751e8b465ee728b)  -> (artifact id: 'e729a56b548948deef7cce058b23a303') in 0.015848 seconds 
  Import took 0.023711 seconds .

========================================================================
Received Import Request.
  Time since last request: 191.171670 seconds.
  path: Assets/myShader/movement/watermovement/watermovement.shadersubgraph
  artifactKey: Guid(49d446a4a56b2cb42b294545013536b6) Importer(815301076,1909f56bfc062723c751e8b465ee728b)
Start importing Assets/myShader/movement/watermovement/watermovement.shadersubgraph using Guid(49d446a4a56b2cb42b294545013536b6) Importer(815301076,1909f56bfc062723c751e8b465ee728b)  -> (artifact id: '55c06a6ea7528b9c3f11a3196f84c607') in 0.007684 seconds 
  Import took 0.021220 seconds .

========================================================================
Received Import Request.
  Time since last request: 36.807902 seconds.
  path: Assets/myShader/movement/watermovement/watermovement.mat
  artifactKey: Guid(5694f297081b94c4e9533577ace4ba85) Importer(815301076,1909f56bfc062723c751e8b465ee728b)
Start importing Assets/myShader/movement/watermovement/watermovement.mat using Guid(5694f297081b94c4e9533577ace4ba85) Importer(815301076,1909f56bfc062723c751e8b465ee728b)  -> (artifact id: '058d0cee4122a0018db6b5ace4c0c0f9') in 0.017519 seconds 
  Import took 0.025755 seconds .

========================================================================
Received Import Request.
  Time since last request: 87.417885 seconds.
  path: Assets/myShader/foam
  artifactKey: Guid(9a51a9132f1b5634b95f50d9a3cc87f0) Importer(815301076,1909f56bfc062723c751e8b465ee728b)
Start importing Assets/myShader/foam using Guid(9a51a9132f1b5634b95f50d9a3cc87f0) Importer(815301076,1909f56bfc062723c751e8b465ee728b)  -> (artifact id: '4ca359e5cd642983024700c4b92617f6') in 0.013411 seconds 
  Import took 0.022976 seconds .

========================================================================
Received Import Request.
  Time since last request: 50.639087 seconds.
  path: Assets/myShader/foam/foam.shadergraph
  artifactKey: Guid(e56602c3bc3da8e4d9a87c4f35fb5372) Importer(815301076,1909f56bfc062723c751e8b465ee728b)
Start importing Assets/myShader/foam/foam.shadergraph using Guid(e56602c3bc3da8e4d9a87c4f35fb5372) Importer(815301076,1909f56bfc062723c751e8b465ee728b)  -> (artifact id: 'd5a839f4b23bb75dbce736599678978d') in 0.005703 seconds 
  Import took 0.014005 seconds .

========================================================================
Received Import Request.
  Time since last request: 835.417320 seconds.
  path: Assets/myShader/foam/foam.shadersubgraph
  artifactKey: Guid(e626b6c0185e1df43836c3bdae825386) Importer(815301076,1909f56bfc062723c751e8b465ee728b)
Start importing Assets/myShader/foam/foam.shadersubgraph using Guid(e626b6c0185e1df43836c3bdae825386) Importer(815301076,1909f56bfc062723c751e8b465ee728b)  -> (artifact id: '63140bd9b5d4f5340c8d2e57360bcca3') in 0.006552 seconds 
  Import took 0.014823 seconds .

========================================================================
Received Import Request.
  Time since last request: 8.664529 seconds.
  path: Assets/myShader/foam/foam.mat
  artifactKey: Guid(7527bae2d54590f42b77b9cc4cbe72be) Importer(815301076,1909f56bfc062723c751e8b465ee728b)
Start importing Assets/myShader/foam/foam.mat using Guid(7527bae2d54590f42b77b9cc4cbe72be) Importer(815301076,1909f56bfc062723c751e8b465ee728b)  -> (artifact id: '237d57d4b45f2b14d1b76c5ccc05d8c9') in 0.012299 seconds 
  Import took 0.019287 seconds .

========================================================================
Received Import Request.
  Time since last request: 209.397288 seconds.
  path: Assets/myShader/together
  artifactKey: Guid(453c10f892db31c418c5da82ccdd6c59) Importer(815301076,1909f56bfc062723c751e8b465ee728b)
Start importing Assets/myShader/together using Guid(453c10f892db31c418c5da82ccdd6c59) Importer(815301076,1909f56bfc062723c751e8b465ee728b)  -> (artifact id: 'c186e9a4aaefa9834cefa8b595f0dccd') in 0.007001 seconds 
  Import took 0.014589 seconds .

========================================================================
Received Import Request.
  Time since last request: 57.410709 seconds.
  path: Assets/myShader/together/together.shadergraph
  artifactKey: Guid(a1bb9c7a9352cf34f9a9ba3b34d549da) Importer(815301076,1909f56bfc062723c751e8b465ee728b)
Start importing Assets/myShader/together/together.shadergraph using Guid(a1bb9c7a9352cf34f9a9ba3b34d549da) Importer(815301076,1909f56bfc062723c751e8b465ee728b)  -> (artifact id: '80047930e43eab3bc5925352ed551ec4') in 0.003621 seconds 
  Import took 0.009461 seconds .

========================================================================
Received Import Request.
  Time since last request: 820.050204 seconds.
  path: Assets/myShader/together/together.shadergraph
  artifactKey: Guid(a1bb9c7a9352cf34f9a9ba3b34d549da) Importer(815301076,1909f56bfc062723c751e8b465ee728b)
Start importing Assets/myShader/together/together.shadergraph using Guid(a1bb9c7a9352cf34f9a9ba3b34d549da) Importer(815301076,1909f56bfc062723c751e8b465ee728b)  -> (artifact id: '6c89f1add2ef0046039568d81e52f97e') in 0.004201 seconds 
  Import took 0.010005 seconds .

========================================================================
Received Import Request.
  Time since last request: 18.265811 seconds.
  path: Assets/myShader/together/together.mat
  artifactKey: Guid(0a51ee648ee2b52489ed902d8f9aea2c) Importer(815301076,1909f56bfc062723c751e8b465ee728b)
Start importing Assets/myShader/together/together.mat using Guid(0a51ee648ee2b52489ed902d8f9aea2c) Importer(815301076,1909f56bfc062723c751e8b465ee728b)  -> (artifact id: 'c9a723e0a53ddf5e1d5385beaf63e6c4') in 0.023495 seconds 
  Import took 0.029067 seconds .

========================================================================
Received Prepare
Registering precompiled user dll's ...
Registered in 0.003422 seconds.
Begin MonoManager ReloadAssembly
Native extension for WindowsStandalone target not found
Native extension for WebGL target not found
Refreshing native plugins compatible for Editor in 0.51 ms, found 2 plugins.
Preloading 0 native plugins for Editor in 0.00 ms.
Mono: successfully reloaded assembly
- Completed reload, in  1.035 seconds
Domain Reload Profiling:
	ReloadAssembly (1036ms)
		BeginReloadAssembly (152ms)
			ExecutionOrderSort (0ms)
			DisableScriptedObjects (9ms)
			BackupInstance (0ms)
			ReleaseScriptingObjects (0ms)
			CreateAndSetChildDomain (59ms)
		EndReloadAssembly (825ms)
			LoadAssemblies (86ms)
			RebuildTransferFunctionScriptingTraits (0ms)
			SetupTypeCache (318ms)
			ReleaseScriptCaches (1ms)
			RebuildScriptCaches (39ms)
			SetupLoadedEditorAssemblies (256ms)
				LogAssemblyErrors (0ms)
				InitializePlatformSupportModulesInManaged (4ms)
				SetLoadedEditorAssemblies (0ms)
				RefreshPlugins (1ms)
				BeforeProcessingInitializeOnLoad (59ms)
				ProcessInitializeOnLoadAttributes (177ms)
				ProcessInitializeOnLoadMethodAttributes (8ms)
				AfterProcessingInitializeOnLoad (6ms)
				EditorAssembliesLoaded (0ms)
			ExecutionOrderSort2 (0ms)
			AwakeInstancesAfterBackupRestoration (14ms)
Platform modules already initialized, skipping
Refreshing native plugins compatible for Editor in 0.60 ms, found 2 plugins.
Preloading 0 native plugins for Editor in 0.00 ms.
Unloading 2837 Unused Serialized files (Serialized files now loaded: 0)
System memory in use before: 128.3 MB.
System memory in use after: 128.5 MB.

Unloading 15 unused Assets to reduce memory usage. Loaded Objects now: 3458.
Total: 2.973100 ms (FindLiveObjects: 0.268200 ms CreateObjectMapping: 0.109200 ms MarkObjects: 2.578800 ms  DeleteObjects: 0.015600 ms)

AssetImportParameters requested are different than current active one (requested -> active):
  custom:framework-win-MediaFoundation: 216162199b28c13a410421893ffa2e32 -> 
  custom:video-decoder-ogg-theora: a1e56fd34408186e4bbccfd4996cb3dc -> 
  custom:container-muxer-webm: aa71ff27fc2769a1b78a27578f13a17b -> 
  custom:container-demuxer-webm: 4f35f7cbe854078d1ac9338744f61a02 -> 
  custom:container-demuxer-ogg: 62fdf1f143b41e24485cea50d1cbac27 -> 
  custom:video-encoder-webm-vp8: eb34c28f22e8b96e1ab97ce403110664 -> 
  custom:video-codec-MediaFoundation-h265: 746d11721c4dcdbdad8f713fa42b33f4 -> 
  custom:video-decoder-webm-vp8: 9c59270c3fd7afecdb556c50c9e8de78 -> 
  custom:audio-decoder-ogg-vorbis: bf7c407c2cedff20999df2af8eb42d56 -> 
  custom:audio-encoder-webm-vorbis: bf7c407c2cedff20999df2af8eb42d56 -> 
========================================================================
Received Import Request.
  Time since last request: 878.095511 seconds.
  path: Assets/UniversalRenderPipelineAsset.asset
  artifactKey: Guid(9d3c01a7e4684c149b94da21cc68b84a) Importer(815301076,1909f56bfc062723c751e8b465ee728b)
Start importing Assets/UniversalRenderPipelineAsset.asset using Guid(9d3c01a7e4684c149b94da21cc68b84a) Importer(815301076,1909f56bfc062723c751e8b465ee728b)  -> (artifact id: '30cd88d5eebdcf7c80f9d1e3669f663b') in 0.032411 seconds 
  Import took 0.037856 seconds .

========================================================================
Received Import Request.
  Time since last request: 0.000262 seconds.
  path: Assets/UniversalRenderPipelineAsset_Renderer.asset
  artifactKey: Guid(bd168e524134b1649b60d6ae0a47f65c) Importer(815301076,1909f56bfc062723c751e8b465ee728b)
Start importing Assets/UniversalRenderPipelineAsset_Renderer.asset using Guid(bd168e524134b1649b60d6ae0a47f65c) Importer(815301076,1909f56bfc062723c751e8b465ee728b)  -> (artifact id: '3f6165117b6922d091c83cb70ce366d4') in 0.005964 seconds 
  Import took 0.009795 seconds .

========================================================================
Received Prepare
Registering precompiled user dll's ...
Registered in 0.003212 seconds.
Begin MonoManager ReloadAssembly
Native extension for WindowsStandalone target not found
Native extension for WebGL target not found
Refreshing native plugins compatible for Editor in 0.50 ms, found 2 plugins.
Preloading 0 native plugins for Editor in 0.00 ms.
Mono: successfully reloaded assembly
- Completed reload, in  0.973 seconds
Domain Reload Profiling:
	ReloadAssembly (974ms)
		BeginReloadAssembly (112ms)
			ExecutionOrderSort (0ms)
			DisableScriptedObjects (4ms)
			BackupInstance (0ms)
			ReleaseScriptingObjects (0ms)
			CreateAndSetChildDomain (32ms)
		EndReloadAssembly (804ms)
			LoadAssemblies (82ms)
			RebuildTransferFunctionScriptingTraits (0ms)
			SetupTypeCache (291ms)
			ReleaseScriptCaches (1ms)
			RebuildScriptCaches (38ms)
			SetupLoadedEditorAssemblies (269ms)
				LogAssemblyErrors (0ms)
				InitializePlatformSupportModulesInManaged (4ms)
				SetLoadedEditorAssemblies (0ms)
				RefreshPlugins (1ms)
				BeforeProcessingInitializeOnLoad (65ms)
				ProcessInitializeOnLoadAttributes (185ms)
				ProcessInitializeOnLoadMethodAttributes (8ms)
				AfterProcessingInitializeOnLoad (6ms)
				EditorAssembliesLoaded (0ms)
			ExecutionOrderSort2 (0ms)
			AwakeInstancesAfterBackupRestoration (14ms)
Platform modules already initialized, skipping
Refreshing native plugins compatible for Editor in 0.48 ms, found 2 plugins.
Preloading 0 native plugins for Editor in 0.00 ms.
Unloading 2837 Unused Serialized files (Serialized files now loaded: 0)
System memory in use before: 128.0 MB.
System memory in use after: 128.3 MB.

Unloading 15 unused Assets to reduce memory usage. Loaded Objects now: 3462.
Total: 2.986400 ms (FindLiveObjects: 0.252600 ms CreateObjectMapping: 0.092200 ms MarkObjects: 2.624200 ms  DeleteObjects: 0.016400 ms)

AssetImportParameters requested are different than current active one (requested -> active):
  custom:framework-win-MediaFoundation: 216162199b28c13a410421893ffa2e32 -> 
  custom:video-decoder-ogg-theora: a1e56fd34408186e4bbccfd4996cb3dc -> 
  custom:container-muxer-webm: aa71ff27fc2769a1b78a27578f13a17b -> 
  custom:container-demuxer-webm: 4f35f7cbe854078d1ac9338744f61a02 -> 
  custom:container-demuxer-ogg: 62fdf1f143b41e24485cea50d1cbac27 -> 
  custom:video-encoder-webm-vp8: eb34c28f22e8b96e1ab97ce403110664 -> 
  custom:video-codec-MediaFoundation-h265: 746d11721c4dcdbdad8f713fa42b33f4 -> 
  custom:video-decoder-webm-vp8: 9c59270c3fd7afecdb556c50c9e8de78 -> 
  custom:audio-decoder-ogg-vorbis: bf7c407c2cedff20999df2af8eb42d56 -> 
  custom:audio-encoder-webm-vorbis: bf7c407c2cedff20999df2af8eb42d56 -> 
========================================================================
Received Import Request.
  Time since last request: 11.995720 seconds.
  path: Assets/model
  artifactKey: Guid(86c03c1a4c18d3d46a03dcbfce994dbc) Importer(815301076,1909f56bfc062723c751e8b465ee728b)
Start importing Assets/model using Guid(86c03c1a4c18d3d46a03dcbfce994dbc) Importer(815301076,1909f56bfc062723c751e8b465ee728b)  -> (artifact id: '85fdb3b0f0b2174158e977d9cb857959') in 0.007511 seconds 
  Import took 0.011402 seconds .

========================================================================
Received Import Request.
  Time since last request: 13.641434 seconds.
  path: Assets/model/passive_marker_man@Silly Dancing.fbx
  artifactKey: Guid(cd5ffd56f09351c4d858dae7d2166c34) Importer(815301076,1909f56bfc062723c751e8b465ee728b)
Start importing Assets/model/passive_marker_man@Silly Dancing.fbx using Guid(cd5ffd56f09351c4d858dae7d2166c34) Importer(815301076,1909f56bfc062723c751e8b465ee728b)  -> (artifact id: '0834a25e81118e6bd37826d3127a0f34') in 0.957735 seconds 
  Import took 0.962491 seconds .

========================================================================
Received Import Request.
  Time since last request: 351.852179 seconds.
  path: Assets/model/material
  artifactKey: Guid(b451ea0d17f336a4e93c9e9d68bb148e) Importer(815301076,1909f56bfc062723c751e8b465ee728b)
Start importing Assets/model/material using Guid(b451ea0d17f336a4e93c9e9d68bb148e) Importer(815301076,1909f56bfc062723c751e8b465ee728b)  -> (artifact id: 'c7cea48861ebc8c0e8ff85a40046a4c2') in 0.007635 seconds 
  Import took 0.017959 seconds .

========================================================================
Received Import Request.
  Time since last request: 8.095522 seconds.
  path: Assets/model/texture
  artifactKey: Guid(fd229868c7038e043baa8522c3f299a5) Importer(815301076,1909f56bfc062723c751e8b465ee728b)
Start importing Assets/model/texture using Guid(fd229868c7038e043baa8522c3f299a5) Importer(815301076,1909f56bfc062723c751e8b465ee728b)  -> (artifact id: '11f2cc5266e104129428045c5c09c2a3') in 0.006942 seconds 
  Import took 0.014709 seconds .

========================================================================
Received Import Request.
  Time since last request: 125.684007 seconds.
  path: Assets/model/passive_marker_man@Silly Dancing.fbx
  artifactKey: Guid(cd5ffd56f09351c4d858dae7d2166c34) Importer(815301076,1909f56bfc062723c751e8b465ee728b)
Start importing Assets/model/passive_marker_man@Silly Dancing.fbx using Guid(cd5ffd56f09351c4d858dae7d2166c34) Importer(815301076,1909f56bfc062723c751e8b465ee728b)  -> (artifact id: '470d8c397348d65c57c7e3f80db32328') in 0.131813 seconds 
  Import took 0.139667 seconds .

========================================================================
Received Import Request.
  Time since last request: 16.253862 seconds.
  path: Assets/model/passive_marker_man@Silly Dancing.fbx
  artifactKey: Guid(cd5ffd56f09351c4d858dae7d2166c34) Importer(815301076,1909f56bfc062723c751e8b465ee728b)
Start importing Assets/model/passive_marker_man@Silly Dancing.fbx using Guid(cd5ffd56f09351c4d858dae7d2166c34) Importer(815301076,1909f56bfc062723c751e8b465ee728b)  -> (artifact id: '38c6c06cc607903b2f70c698d3185b95') in 0.161305 seconds 
  Import took 0.169956 seconds .

========================================================================
Received Import Request.
  Time since last request: 19.411724 seconds.
  path: Assets/model/passive_marker_man@Silly Dancing.fbx
  artifactKey: Guid(cd5ffd56f09351c4d858dae7d2166c34) Importer(815301076,1909f56bfc062723c751e8b465ee728b)
Start importing Assets/model/passive_marker_man@Silly Dancing.fbx using Guid(cd5ffd56f09351c4d858dae7d2166c34) Importer(815301076,1909f56bfc062723c751e8b465ee728b)  -> (artifact id: '16f2d665c67827d07798c342f89c7f1e') in 0.213538 seconds 
  Import took 0.221012 seconds .

========================================================================
Received Import Request.
  Time since last request: 45.759177 seconds.
  path: Assets/model/passive_marker_man@Silly Dancing.fbx
  artifactKey: Guid(cd5ffd56f09351c4d858dae7d2166c34) Importer(815301076,1909f56bfc062723c751e8b465ee728b)
Start importing Assets/model/passive_marker_man@Silly Dancing.fbx using Guid(cd5ffd56f09351c4d858dae7d2166c34) Importer(815301076,1909f56bfc062723c751e8b465ee728b)  -> (artifact id: '6eb22d13850599ad83c0e8518fe055fc') in 0.096427 seconds 
  Import took 0.103288 seconds .

========================================================================
Received Import Request.
  Time since last request: 51.324902 seconds.
  path: Assets/model/dance.controller
  artifactKey: Guid(d60e918f2a06dfe45b1e2a27abccc2f6) Importer(815301076,1909f56bfc062723c751e8b465ee728b)
Start importing Assets/model/dance.controller using Guid(d60e918f2a06dfe45b1e2a27abccc2f6) Importer(815301076,1909f56bfc062723c751e8b465ee728b)  -> (artifact id: 'ef422ce78933c986888421178d2c5005') in 0.011052 seconds 
  Import took 0.016133 seconds .

========================================================================
Received Prepare
Registering precompiled user dll's ...
Registered in 0.005910 seconds.
Begin MonoManager ReloadAssembly
Native extension for WindowsStandalone target not found
Native extension for WebGL target not found
Refreshing native plugins compatible for Editor in 0.69 ms, found 2 plugins.
Preloading 0 native plugins for Editor in 0.00 ms.
Mono: successfully reloaded assembly
- Completed reload, in  1.252 seconds
Domain Reload Profiling:
	ReloadAssembly (1252ms)
		BeginReloadAssembly (147ms)
			ExecutionOrderSort (0ms)
			DisableScriptedObjects (6ms)
			BackupInstance (0ms)
			ReleaseScriptingObjects (0ms)
			CreateAndSetChildDomain (51ms)
		EndReloadAssembly (1043ms)
			LoadAssemblies (91ms)
			RebuildTransferFunctionScriptingTraits (0ms)
			SetupTypeCache (329ms)
			ReleaseScriptCaches (1ms)
			RebuildScriptCaches (56ms)
			SetupLoadedEditorAssemblies (348ms)
				LogAssemblyErrors (0ms)
				InitializePlatformSupportModulesInManaged (5ms)
				SetLoadedEditorAssemblies (0ms)
				RefreshPlugins (1ms)
				BeforeProcessingInitializeOnLoad (81ms)
				ProcessInitializeOnLoadAttributes (241ms)
				ProcessInitializeOnLoadMethodAttributes (10ms)
				AfterProcessingInitializeOnLoad (10ms)
				EditorAssembliesLoaded (0ms)
			ExecutionOrderSort2 (0ms)
			AwakeInstancesAfterBackupRestoration (28ms)
Platform modules already initialized, skipping
Refreshing native plugins compatible for Editor in 0.74 ms, found 2 plugins.
Preloading 0 native plugins for Editor in 0.00 ms.
Unloading 2835 Unused Serialized files (Serialized files now loaded: 0)
System memory in use before: 142.0 MB.
System memory in use after: 142.2 MB.

Unloading 15 unused Assets to reduce memory usage. Loaded Objects now: 3505.
Total: 6.037600 ms (FindLiveObjects: 1.340200 ms CreateObjectMapping: 0.682400 ms MarkObjects: 3.990300 ms  DeleteObjects: 0.021800 ms)

AssetImportParameters requested are different than current active one (requested -> active):
  custom:framework-win-MediaFoundation: 216162199b28c13a410421893ffa2e32 -> 
  custom:video-decoder-ogg-theora: a1e56fd34408186e4bbccfd4996cb3dc -> 
  custom:container-muxer-webm: aa71ff27fc2769a1b78a27578f13a17b -> 
  custom:container-demuxer-webm: 4f35f7cbe854078d1ac9338744f61a02 -> 
  custom:container-demuxer-ogg: 62fdf1f143b41e24485cea50d1cbac27 -> 
  custom:video-encoder-webm-vp8: eb34c28f22e8b96e1ab97ce403110664 -> 
  custom:video-codec-MediaFoundation-h265: 746d11721c4dcdbdad8f713fa42b33f4 -> 
  custom:video-decoder-webm-vp8: 9c59270c3fd7afecdb556c50c9e8de78 -> 
  custom:audio-decoder-ogg-vorbis: bf7c407c2cedff20999df2af8eb42d56 -> 
  custom:audio-encoder-webm-vorbis: bf7c407c2cedff20999df2af8eb42d56 -> 
AssetImportWorkerClient::OnTransportError - code=2 error=End of file
